<?xml version="1.0" encoding="UTF-8"?>
<!-- Generated by org.testng.reporters.JUnitReportReporter -->
<testsuite skipped="0" hostname="Biswajit" name="com.qa.test.HomePageTest" tests="1" failures="0" timestamp="11 Aug 2018 15:50:48 GMT" time="53.808" errors="0">
  <testcase name="validateAppearanceLinkTest" time="53.808" classname="com.qa.test.HomePageTest"/>
</testsuite> <!-- com.qa.test.HomePageTest -->
