<?xml version="1.0" encoding="UTF-8"?>
<!-- Generated by org.testng.reporters.JUnitReportReporter -->
<testsuite skipped="0" hostname="Biswajit" name="com.qa.test.PostsPageTest" tests="1" failures="0" timestamp="11 Aug 2018 20:58:32 GMT" time="33.741" errors="0">
  <testcase name="createAPostTest" time="33.741" classname="com.qa.test.PostsPageTest"/>
</testsuite> <!-- com.qa.test.PostsPageTest -->
