<?xml version="1.0" encoding="UTF-8"?>
<!-- Generated by org.testng.reporters.JUnitReportReporter -->
<testsuite skipped="2" hostname="Biswajit" name="com.qa.test.LoginPageTest" tests="3" failures="0" timestamp="11 Aug 2018 00:13:43 GMT" time="21.354" errors="0">
  <testcase name="validLogin" time="21.354" classname="com.qa.test.LoginPageTest"/>
  <testcase name="logoTest" classname="com.qa.test.LoginPageTest">
    <skipped/>
  </testcase> <!-- logoTest -->
  <testcase name="invalidLogin" classname="com.qa.test.LoginPageTest">
    <skipped/>
  </testcase> <!-- invalidLogin -->
</testsuite> <!-- com.qa.test.LoginPageTest -->
