<?xml version="1.0" encoding="UTF-8"?>
<!-- Generated by org.testng.reporters.JUnitReportReporter -->
<testsuite skipped="2" hostname="Biswajit" name="com.qa.test.LoginTest" tests="9" failures="0" timestamp="09 Aug 2018 18:33:56 GMT" time="65.663" errors="0">
  <testcase name="loginWithInvalidCredentials" time="9.045" classname="com.qa.test.LoginTest"/>
  <testcase name="loginWithInvalidCredentials" time="8.678" classname="com.qa.test.LoginTest"/>
  <testcase name="loginWithInvalidCredentials" time="8.822" classname="com.qa.test.LoginTest"/>
  <testcase name="loginWithInvalidCredentials" time="8.984" classname="com.qa.test.LoginTest"/>
  <testcase name="loginWithInvalidCredentials" time="8.648" classname="com.qa.test.LoginTest"/>
  <testcase name="loginWithInvalidCredentials" time="8.912" classname="com.qa.test.LoginTest"/>
  <testcase name="loginWithInvalidCredentials" time="12.574" classname="com.qa.test.LoginTest"/>
  <testcase name="loginWithValidCredentials" classname="com.qa.test.LoginTest">
    <skipped/>
  </testcase> <!-- loginWithValidCredentials -->
  <testcase name="logoTest" classname="com.qa.test.LoginTest">
    <skipped/>
  </testcase> <!-- logoTest -->
</testsuite> <!-- com.qa.test.LoginTest -->
