<?xml version="1.0" encoding="UTF-8"?>
<!-- Generated by org.testng.reporters.JUnitReportReporter -->
<testsuite skipped="0" hostname="Biswajit" name="com.qa.test.PostsPageTest" tests="1" failures="0" timestamp="12 Aug 2018 10:48:58 GMT" time="43.218" errors="0">
  <testcase name="createAPostTest" time="43.218" classname="com.qa.test.PostsPageTest"/>
</testsuite> <!-- com.qa.test.PostsPageTest -->
